[2026-06-30 21:56:36] === run start ===
[2026-06-30 21:56:38] discovered machine=225010001 name=L 東京喰種 台=['703', '705', '706', '707', '708', '710'] dates=14
[2026-06-30 21:56:46] collected 台 703 dates 14
[2026-06-30 21:56:54] collected 台 705 dates 14
[2026-06-30 21:57:02] collected 台 706 dates 14
[2026-06-30 21:57:09] collected 台 707 dates 14
[2026-06-30 21:57:17] collected 台 708 dates 14
[2026-06-30 21:57:24] collected 台 710 dates 14
[2026-06-30 21:57:25] generated index.html / data.csv (6台, 14日)
[2026-06-30 21:57:27] git push: To https://github.com/freeeeeellc/ghoul-tokyo-data.git
   17da128..8ea2ebc  main -> main
[2026-06-30 21:57:27] === run done ===
[2026-06-30 22:03:04] === run start === args={'dfrom': None, 'dto': None, 'force': False, 'no_collect': False, 'no_push': True, 'out': 'index'}
[2026-06-30 22:03:06] discovered machine=225010001 name=L 東京喰種 台=['703', '705', '706', '707', '708', '710'] dates=14
[2026-06-30 22:03:06] collect target dates: 14 (20260617〜20260630)
[2026-06-30 22:03:06] 台 703 done
[2026-06-30 22:03:07] 台 705 done
[2026-06-30 22:03:07] 台 706 done
[2026-06-30 22:03:08] 台 707 done
[2026-06-30 22:03:09] 台 708 done
[2026-06-30 22:03:09] 台 710 done
[2026-06-30 22:03:09] collect summary: fetched=6 skipped(existing)=78
[2026-06-30 22:03:09] generated index.html / data.csv (6台, 14日 期間 20260617〜20260630)
[2026-06-30 22:03:09] skip push (--no-push)
[2026-06-30 22:03:09] === run done ===
[2026-06-30 22:03:09] === run start === args={'dfrom': '2026-06-20', 'dto': '2026-06-25', 'force': False, 'no_collect': True, 'no_push': True, 'out': 'period_0620_0625'}
[2026-06-30 22:03:09] skip collect (--no-collect)
[2026-06-30 22:03:09] generated period_0620_0625.html / period_0620_0625.csv (6台, 6日 期間 20260620〜20260625)
[2026-06-30 22:03:09] skip push (--no-push)
[2026-06-30 22:03:09] === run done ===
